  main.cpp
C:\Users\unkdev\Documents\GitHub\Alcatraz\Alcatraz\obfuscator\obfuscator.h(92,23): warning C4240: extensão não padrão usada: acesso a 'obfuscator::instruction_t' agora definido como 'public', anteriormente era definido como 'private'
C:\Users\unkdev\Documents\GitHub\Alcatraz\Alcatraz\obfuscator\obfuscator.h(19,9): message : consulte a declaração de 'obfuscator::instruction_t'
C:\Users\unkdev\Documents\GitHub\Alcatraz\Alcatraz\obfuscator\obfuscator.h(121,20): warning C4240: extensão não padrão usada: acesso a 'obfuscator::function_t' agora definido como 'public', anteriormente era definido como 'private'
C:\Users\unkdev\Documents\GitHub\Alcatraz\Alcatraz\obfuscator\obfuscator.h(20,9): message : consulte a declaração de 'obfuscator::function_t'
C:\Users\unkdev\Documents\GitHub\Alcatraz\Alcatraz\main.cpp(20,13): warning C4244: 'argumento': conversão de 'time_t' para 'unsigned int', possível perda de dados
  cfflattener.cpp
C:\Users\unkdev\Documents\GitHub\Alcatraz\Alcatraz\obfuscator\obfuscator.h(92,23): warning C4240: extensão não padrão usada: acesso a 'obfuscator::instruction_t' agora definido como 'public', anteriormente era definido como 'private'
C:\Users\unkdev\Documents\GitHub\Alcatraz\Alcatraz\obfuscator\obfuscator.h(19,9): message : consulte a declaração de 'obfuscator::instruction_t'
C:\Users\unkdev\Documents\GitHub\Alcatraz\Alcatraz\obfuscator\obfuscator.h(121,20): warning C4240: extensão não padrão usada: acesso a 'obfuscator::function_t' agora definido como 'public', anteriormente era definido como 'private'
C:\Users\unkdev\Documents\GitHub\Alcatraz\Alcatraz\obfuscator\obfuscator.h(20,9): message : consulte a declaração de 'obfuscator::function_t'
  custom_entry.cpp
C:\Users\unkdev\Documents\GitHub\Alcatraz\Alcatraz\obfuscator\obfuscator.h(92,23): warning C4240: extensão não padrão usada: acesso a 'obfuscator::instruction_t' agora definido como 'public', anteriormente era definido como 'private'
C:\Users\unkdev\Documents\GitHub\Alcatraz\Alcatraz\obfuscator\obfuscator.h(19,9): message : consulte a declaração de 'obfuscator::instruction_t'
C:\Users\unkdev\Documents\GitHub\Alcatraz\Alcatraz\obfuscator\obfuscator.h(121,20): warning C4240: extensão não padrão usada: acesso a 'obfuscator::function_t' agora definido como 'public', anteriormente era definido como 'private'
C:\Users\unkdev\Documents\GitHub\Alcatraz\Alcatraz\obfuscator\obfuscator.h(20,9): message : consulte a declaração de 'obfuscator::function_t'
  iat.cpp
C:\Users\unkdev\Documents\GitHub\Alcatraz\Alcatraz\obfuscator\obfuscator.h(92,23): warning C4240: extensão não padrão usada: acesso a 'obfuscator::instruction_t' agora definido como 'public', anteriormente era definido como 'private'
C:\Users\unkdev\Documents\GitHub\Alcatraz\Alcatraz\obfuscator\obfuscator.h(19,9): message : consulte a declaração de 'obfuscator::instruction_t'
C:\Users\unkdev\Documents\GitHub\Alcatraz\Alcatraz\obfuscator\obfuscator.h(121,20): warning C4240: extensão não padrão usada: acesso a 'obfuscator::function_t' agora definido como 'public', anteriormente era definido como 'private'
C:\Users\unkdev\Documents\GitHub\Alcatraz\Alcatraz\obfuscator\obfuscator.h(20,9): message : consulte a declaração de 'obfuscator::function_t'
  obfuscator.cpp
C:\Users\unkdev\Documents\GitHub\Alcatraz\Alcatraz\obfuscator\obfuscator.h(92,23): warning C4240: extensão não padrão usada: acesso a 'obfuscator::instruction_t' agora definido como 'public', anteriormente era definido como 'private'
C:\Users\unkdev\Documents\GitHub\Alcatraz\Alcatraz\obfuscator\obfuscator.h(19,9): message : consulte a declaração de 'obfuscator::instruction_t'
C:\Users\unkdev\Documents\GitHub\Alcatraz\Alcatraz\obfuscator\obfuscator.h(121,20): warning C4240: extensão não padrão usada: acesso a 'obfuscator::function_t' agora definido como 'public', anteriormente era definido como 'private'
C:\Users\unkdev\Documents\GitHub\Alcatraz\Alcatraz\obfuscator\obfuscator.h(20,9): message : consulte a declaração de 'obfuscator::function_t'
C:\Users\unkdev\Documents\GitHub\Alcatraz\Alcatraz\obfuscator\obfuscator.cpp(68,75): warning C4244: '=': conversão de 'uint64_t' para 'int', possível perda de dados
C:\Users\unkdev\Documents\GitHub\Alcatraz\Alcatraz\obfuscator\obfuscator.cpp(90,160): warning C4244: 'argumento': conversão de '_To' para 'uint32_t', possível perda de dados
          with
          [
              _To=uint64_t
          ]
C:\Users\unkdev\Documents\GitHub\Alcatraz\Alcatraz\obfuscator\obfuscator.cpp(100,95): warning C4244: '=': conversão de 'uint64_t' para 'DWORD', possível perda de dados
C:\Users\unkdev\Documents\GitHub\Alcatraz\Alcatraz\obfuscator\obfuscator.cpp(313,25): warning C4244: 'inicializando': conversão de 'uint64_t' para 'int', possível perda de dados
C:\Users\unkdev\Documents\GitHub\Alcatraz\Alcatraz\obfuscator\obfuscator.cpp(354,25): warning C4244: 'inicializando': conversão de 'uint64_t' para 'int', possível perda de dados
C:\Users\unkdev\Documents\GitHub\Alcatraz\Alcatraz\obfuscator\obfuscator.cpp(364,25): warning C4244: 'inicializando': conversão de 'uint64_t' para 'int', possível perda de dados
C:\Users\unkdev\Documents\GitHub\Alcatraz\Alcatraz\obfuscator\obfuscator.cpp(522,17): warning C4244: 'inicializando': conversão de 'uint64_t' para 'uint32_t', possível perda de dados
C:\Users\unkdev\Documents\GitHub\Alcatraz\Alcatraz\obfuscator\obfuscator.cpp(527,22): warning C4018: '<': incompatibilidade de signed/unsigned
C:\Users\unkdev\Documents\GitHub\Alcatraz\Alcatraz\obfuscator\obfuscator.cpp(542,169): warning C4244: '=': conversão de 'ULONGLONG' para 'uint32_t', possível perda de dados
C:\Users\unkdev\Documents\GitHub\Alcatraz\Alcatraz\obfuscator\obfuscator.cpp(548,9): warning C4477: 'printf': a cadeia de formato '%i' requer um argumento do tipo 'int', mas um argumento variadic 1 tem o tipo 'unsigned __int64'
C:\Users\unkdev\Documents\GitHub\Alcatraz\Alcatraz\obfuscator\obfuscator.cpp(548,9): message : considere usar '%zi' na cadeia de formato
  add.cpp
C:\Users\unkdev\Documents\GitHub\Alcatraz\Alcatraz\obfuscator\obfuscator.h(92,23): warning C4240: extensão não padrão usada: acesso a 'obfuscator::instruction_t' agora definido como 'public', anteriormente era definido como 'private'
C:\Users\unkdev\Documents\GitHub\Alcatraz\Alcatraz\obfuscator\obfuscator.h(19,9): message : consulte a declaração de 'obfuscator::instruction_t'
C:\Users\unkdev\Documents\GitHub\Alcatraz\Alcatraz\obfuscator\obfuscator.h(121,20): warning C4240: extensão não padrão usada: acesso a 'obfuscator::function_t' agora definido como 'public', anteriormente era definido como 'private'
C:\Users\unkdev\Documents\GitHub\Alcatraz\Alcatraz\obfuscator\obfuscator.h(20,9): message : consulte a declaração de 'obfuscator::function_t'
C:\Users\unkdev\Documents\GitHub\Alcatraz\Alcatraz\obfuscator\passes\add.cpp(31,81): warning C4267: 'argumento': conversão de 'size_t' para 'uint32_t', possível perda de dados
  antidisassembly.cpp
C:\Users\unkdev\Documents\GitHub\Alcatraz\Alcatraz\obfuscator\obfuscator.h(92,23): warning C4240: extensão não padrão usada: acesso a 'obfuscator::instruction_t' agora definido como 'public', anteriormente era definido como 'private'
C:\Users\unkdev\Documents\GitHub\Alcatraz\Alcatraz\obfuscator\obfuscator.h(19,9): message : consulte a declaração de 'obfuscator::instruction_t'
C:\Users\unkdev\Documents\GitHub\Alcatraz\Alcatraz\obfuscator\obfuscator.h(121,20): warning C4240: extensão não padrão usada: acesso a 'obfuscator::function_t' agora definido como 'public', anteriormente era definido como 'private'
C:\Users\unkdev\Documents\GitHub\Alcatraz\Alcatraz\obfuscator\obfuscator.h(20,9): message : consulte a declaração de 'obfuscator::function_t'
  lea.cpp
C:\Users\unkdev\Documents\GitHub\Alcatraz\Alcatraz\obfuscator\obfuscator.h(92,23): warning C4240: extensão não padrão usada: acesso a 'obfuscator::instruction_t' agora definido como 'public', anteriormente era definido como 'private'
C:\Users\unkdev\Documents\GitHub\Alcatraz\Alcatraz\obfuscator\obfuscator.h(19,9): message : consulte a declaração de 'obfuscator::instruction_t'
C:\Users\unkdev\Documents\GitHub\Alcatraz\Alcatraz\obfuscator\obfuscator.h(121,20): warning C4240: extensão não padrão usada: acesso a 'obfuscator::function_t' agora definido como 'public', anteriormente era definido como 'private'
C:\Users\unkdev\Documents\GitHub\Alcatraz\Alcatraz\obfuscator\obfuscator.h(20,9): message : consulte a declaração de 'obfuscator::function_t'
C:\Users\unkdev\Documents\GitHub\Alcatraz\Alcatraz\obfuscator\passes\lea.cpp(30,82): warning C4267: 'argumento': conversão de 'size_t' para 'uint32_t', possível perda de dados
  mov.cpp
C:\Users\unkdev\Documents\GitHub\Alcatraz\Alcatraz\obfuscator\obfuscator.h(92,23): warning C4240: extensão não padrão usada: acesso a 'obfuscator::instruction_t' agora definido como 'public', anteriormente era definido como 'private'
C:\Users\unkdev\Documents\GitHub\Alcatraz\Alcatraz\obfuscator\obfuscator.h(19,9): message : consulte a declaração de 'obfuscator::instruction_t'
C:\Users\unkdev\Documents\GitHub\Alcatraz\Alcatraz\obfuscator\obfuscator.h(121,20): warning C4240: extensão não padrão usada: acesso a 'obfuscator::function_t' agora definido como 'public', anteriormente era definido como 'private'
C:\Users\unkdev\Documents\GitHub\Alcatraz\Alcatraz\obfuscator\obfuscator.h(20,9): message : consulte a declaração de 'obfuscator::function_t'
C:\Users\unkdev\Documents\GitHub\Alcatraz\Alcatraz\obfuscator\passes\mov.cpp(79,82): warning C4267: 'argumento': conversão de 'size_t' para 'uint32_t', possível perda de dados
  Gerando código
  Previous IPDB was built with incompatible compiler, fall back to full compilation.
  All 1917 functions were compiled because no usable IPDB/IOBJ from previous compilation was found.
  Finalizada a geração de código
  Alcatraz.vcxproj -> C:\Users\unkdev\Documents\GitHub\Alcatraz\x64\Release\Alcatraz-con.exe
